0 info it worked if it ends with ok
1 verbose cli [ 'node', '/usr/local/bin/npm', 'publish' ]
2 info using npm@1.3.24
3 info using node@v0.10.25
4 verbose publish [ '.' ]
5 verbose cache add [ '.', null ]
6 verbose cache add name=undefined spec="." args=[".",null]
7 verbose parsed url { protocol: null,
7 verbose parsed url   slashes: null,
7 verbose parsed url   auth: null,
7 verbose parsed url   host: null,
7 verbose parsed url   port: null,
7 verbose parsed url   hostname: null,
7 verbose parsed url   hash: null,
7 verbose parsed url   search: null,
7 verbose parsed url   query: null,
7 verbose parsed url   pathname: '.',
7 verbose parsed url   path: '.',
7 verbose parsed url   href: '.' }
8 silly lockFile 3a52ce78- .
9 verbose lock . /Users/mauricio/.npm/3a52ce78-.lock
10 verbose tar pack [ '/var/folders/ch/07h2tjcn0kl5f3p38znn44r80000gn/T/npm-11328-2DCgMXyO/1405112242703-0.572493264451623/tmp.tgz',
10 verbose tar pack   '.' ]
11 verbose tarball /var/folders/ch/07h2tjcn0kl5f3p38znn44r80000gn/T/npm-11328-2DCgMXyO/1405112242703-0.572493264451623/tmp.tgz
12 verbose folder .
13 info prepublish node-scaffold@0.1.0
14 silly lockFile 1f1177db-tar tar://.
15 verbose lock tar://. /Users/mauricio/.npm/1f1177db-tar.lock
16 silly lockFile 1d357556-242703-0-572493264451623-tmp-tgz tar:///var/folders/ch/07h2tjcn0kl5f3p38znn44r80000gn/T/npm-11328-2DCgMXyO/1405112242703-0.572493264451623/tmp.tgz
17 verbose lock tar:///var/folders/ch/07h2tjcn0kl5f3p38znn44r80000gn/T/npm-11328-2DCgMXyO/1405112242703-0.572493264451623/tmp.tgz /Users/mauricio/.npm/1d357556-242703-0-572493264451623-tmp-tgz.lock
18 silly lockFile 1f1177db-tar tar://.
19 silly lockFile 1f1177db-tar tar://.
20 silly lockFile 1d357556-242703-0-572493264451623-tmp-tgz tar:///var/folders/ch/07h2tjcn0kl5f3p38znn44r80000gn/T/npm-11328-2DCgMXyO/1405112242703-0.572493264451623/tmp.tgz
21 silly lockFile 1d357556-242703-0-572493264451623-tmp-tgz tar:///var/folders/ch/07h2tjcn0kl5f3p38znn44r80000gn/T/npm-11328-2DCgMXyO/1405112242703-0.572493264451623/tmp.tgz
22 verbose tar unpack /var/folders/ch/07h2tjcn0kl5f3p38znn44r80000gn/T/npm-11328-2DCgMXyO/1405112242703-0.572493264451623/tmp.tgz
23 silly lockFile 5defcc6c-242703-0-572493264451623-package tar:///var/folders/ch/07h2tjcn0kl5f3p38znn44r80000gn/T/npm-11328-2DCgMXyO/1405112242703-0.572493264451623/package
24 verbose lock tar:///var/folders/ch/07h2tjcn0kl5f3p38znn44r80000gn/T/npm-11328-2DCgMXyO/1405112242703-0.572493264451623/package /Users/mauricio/.npm/5defcc6c-242703-0-572493264451623-package.lock
25 silly lockFile 1d357556-242703-0-572493264451623-tmp-tgz tar:///var/folders/ch/07h2tjcn0kl5f3p38znn44r80000gn/T/npm-11328-2DCgMXyO/1405112242703-0.572493264451623/tmp.tgz
26 verbose lock tar:///var/folders/ch/07h2tjcn0kl5f3p38znn44r80000gn/T/npm-11328-2DCgMXyO/1405112242703-0.572493264451623/tmp.tgz /Users/mauricio/.npm/1d357556-242703-0-572493264451623-tmp-tgz.lock
27 silly gunzTarPerm modes [ '755', '644' ]
28 silly gunzTarPerm extractEntry package.json
29 silly gunzTarPerm extractEntry README.md
30 silly gunzTarPerm extractEntry LICENSE
31 silly gunzTarPerm extractEntry index.js
32 silly gunzTarPerm extractEntry boilerplate.json
33 silly gunzTarPerm extractEntry lib/argument-parser.js
34 silly gunzTarPerm extractEntry lib/comment-cut-out.js
35 silly gunzTarPerm extractEntry lib/constants.js
36 silly gunzTarPerm extractEntry lib/dissect-controller.js
37 silly gunzTarPerm extractEntry lib/dissect-model.js
38 silly gunzTarPerm extractEntry lib/dissect-server.js
39 silly gunzTarPerm extractEntry lib/dissect-view.js
40 silly gunzTarPerm extractEntry lib/validate-config.js
41 silly gunzTarPerm extractEntry test/package.json
42 silly gunzTarPerm extractEntry test/.npmignore
43 silly gunzTarPerm extractEntry test/app.js
44 silly gunzTarPerm extractEntry test/scaffold.js
45 silly gunzTarPerm extractEntry test/controllers/user.js
46 silly gunzTarPerm extractEntry test/models/user.js
47 silly gunzTarPerm extractEntry test/views/user/create-devices.jade
48 silly gunzTarPerm extractEntry test/views/user/create.jade
49 silly gunzTarPerm extractEntry test/views/user/delete.jade
50 silly gunzTarPerm extractEntry test/views/user/get-all.jade
51 silly gunzTarPerm extractEntry test/views/user/get-single.jade
52 silly gunzTarPerm extractEntry test/views/user/not-found.jade
53 silly gunzTarPerm extractEntry test/views/user/update.jade
54 silly lockFile 5defcc6c-242703-0-572493264451623-package tar:///var/folders/ch/07h2tjcn0kl5f3p38znn44r80000gn/T/npm-11328-2DCgMXyO/1405112242703-0.572493264451623/package
55 silly lockFile 5defcc6c-242703-0-572493264451623-package tar:///var/folders/ch/07h2tjcn0kl5f3p38znn44r80000gn/T/npm-11328-2DCgMXyO/1405112242703-0.572493264451623/package
56 silly lockFile 1d357556-242703-0-572493264451623-tmp-tgz tar:///var/folders/ch/07h2tjcn0kl5f3p38znn44r80000gn/T/npm-11328-2DCgMXyO/1405112242703-0.572493264451623/tmp.tgz
57 silly lockFile 1d357556-242703-0-572493264451623-tmp-tgz tar:///var/folders/ch/07h2tjcn0kl5f3p38znn44r80000gn/T/npm-11328-2DCgMXyO/1405112242703-0.572493264451623/tmp.tgz
58 verbose tar pack [ '/Users/mauricio/.npm/node-scaffold/0.1.0/package.tgz',
58 verbose tar pack   '/var/folders/ch/07h2tjcn0kl5f3p38znn44r80000gn/T/npm-11328-2DCgMXyO/1405112242703-0.572493264451623/package' ]
59 verbose tarball /Users/mauricio/.npm/node-scaffold/0.1.0/package.tgz
60 verbose folder /var/folders/ch/07h2tjcn0kl5f3p38znn44r80000gn/T/npm-11328-2DCgMXyO/1405112242703-0.572493264451623/package
61 silly lockFile 5defcc6c-242703-0-572493264451623-package tar:///var/folders/ch/07h2tjcn0kl5f3p38znn44r80000gn/T/npm-11328-2DCgMXyO/1405112242703-0.572493264451623/package
62 verbose lock tar:///var/folders/ch/07h2tjcn0kl5f3p38znn44r80000gn/T/npm-11328-2DCgMXyO/1405112242703-0.572493264451623/package /Users/mauricio/.npm/5defcc6c-242703-0-572493264451623-package.lock
63 silly lockFile ba48954d--node-scaffold-0-1-0-package-tgz tar:///Users/mauricio/.npm/node-scaffold/0.1.0/package.tgz
64 verbose lock tar:///Users/mauricio/.npm/node-scaffold/0.1.0/package.tgz /Users/mauricio/.npm/ba48954d--node-scaffold-0-1-0-package-tgz.lock
65 silly lockFile 5defcc6c-242703-0-572493264451623-package tar:///var/folders/ch/07h2tjcn0kl5f3p38znn44r80000gn/T/npm-11328-2DCgMXyO/1405112242703-0.572493264451623/package
66 silly lockFile 5defcc6c-242703-0-572493264451623-package tar:///var/folders/ch/07h2tjcn0kl5f3p38znn44r80000gn/T/npm-11328-2DCgMXyO/1405112242703-0.572493264451623/package
67 silly lockFile ba48954d--node-scaffold-0-1-0-package-tgz tar:///Users/mauricio/.npm/node-scaffold/0.1.0/package.tgz
68 silly lockFile ba48954d--node-scaffold-0-1-0-package-tgz tar:///Users/mauricio/.npm/node-scaffold/0.1.0/package.tgz
69 silly lockFile 4caab7c5--npm-node-scaffold-0-1-0-package /Users/mauricio/.npm/node-scaffold/0.1.0/package
70 verbose lock /Users/mauricio/.npm/node-scaffold/0.1.0/package /Users/mauricio/.npm/4caab7c5--npm-node-scaffold-0-1-0-package.lock
71 silly lockFile 4caab7c5--npm-node-scaffold-0-1-0-package /Users/mauricio/.npm/node-scaffold/0.1.0/package
72 silly lockFile 4caab7c5--npm-node-scaffold-0-1-0-package /Users/mauricio/.npm/node-scaffold/0.1.0/package
73 verbose tar unpack /Users/mauricio/.npm/node-scaffold/0.1.0/package.tgz
74 silly lockFile da63a1c4--npm-node-scaffold-0-1-0-package tar:///Users/mauricio/.npm/node-scaffold/0.1.0/package
75 verbose lock tar:///Users/mauricio/.npm/node-scaffold/0.1.0/package /Users/mauricio/.npm/da63a1c4--npm-node-scaffold-0-1-0-package.lock
76 silly lockFile ba48954d--node-scaffold-0-1-0-package-tgz tar:///Users/mauricio/.npm/node-scaffold/0.1.0/package.tgz
77 verbose lock tar:///Users/mauricio/.npm/node-scaffold/0.1.0/package.tgz /Users/mauricio/.npm/ba48954d--node-scaffold-0-1-0-package-tgz.lock
78 silly gunzTarPerm modes [ '755', '644' ]
79 silly gunzTarPerm extractEntry package.json
80 silly gunzTarPerm extractEntry README.md
81 silly gunzTarPerm extractEntry LICENSE
82 silly gunzTarPerm extractEntry index.js
83 silly gunzTarPerm extractEntry boilerplate.json
84 silly gunzTarPerm extractEntry lib/argument-parser.js
85 silly gunzTarPerm extractEntry lib/comment-cut-out.js
86 silly gunzTarPerm extractEntry lib/constants.js
87 silly gunzTarPerm extractEntry lib/dissect-controller.js
88 silly gunzTarPerm extractEntry lib/dissect-model.js
89 silly gunzTarPerm extractEntry lib/dissect-server.js
90 silly gunzTarPerm extractEntry lib/dissect-view.js
91 silly gunzTarPerm extractEntry lib/validate-config.js
92 silly gunzTarPerm extractEntry test/package.json
93 silly gunzTarPerm extractEntry test/.npmignore
94 silly gunzTarPerm extractEntry test/app.js
95 silly gunzTarPerm extractEntry test/scaffold.js
96 silly gunzTarPerm extractEntry test/controllers/user.js
97 silly gunzTarPerm extractEntry test/models/user.js
98 silly gunzTarPerm extractEntry test/views/user/create-devices.jade
99 silly gunzTarPerm extractEntry test/views/user/create.jade
100 silly gunzTarPerm extractEntry test/views/user/delete.jade
101 silly gunzTarPerm extractEntry test/views/user/get-all.jade
102 silly gunzTarPerm extractEntry test/views/user/get-single.jade
103 silly gunzTarPerm extractEntry test/views/user/not-found.jade
104 silly gunzTarPerm extractEntry test/views/user/update.jade
105 silly lockFile da63a1c4--npm-node-scaffold-0-1-0-package tar:///Users/mauricio/.npm/node-scaffold/0.1.0/package
106 silly lockFile da63a1c4--npm-node-scaffold-0-1-0-package tar:///Users/mauricio/.npm/node-scaffold/0.1.0/package
107 silly lockFile ba48954d--node-scaffold-0-1-0-package-tgz tar:///Users/mauricio/.npm/node-scaffold/0.1.0/package.tgz
108 silly lockFile ba48954d--node-scaffold-0-1-0-package-tgz tar:///Users/mauricio/.npm/node-scaffold/0.1.0/package.tgz
109 verbose chmod /Users/mauricio/.npm/node-scaffold/0.1.0/package.tgz 644
110 verbose chown /Users/mauricio/.npm/node-scaffold/0.1.0/package.tgz [ 501, 20 ]
111 silly lockFile 3a52ce78- .
112 silly lockFile 3a52ce78- .
113 silly publish { name: 'node-scaffold',
113 silly publish   version: '0.1.0',
113 silly publish   description: 'A library that provides great scaffolding',
113 silly publish   main: 'index.js',
113 silly publish   scripts: { test: 'echo "Error: no test specified" && exit 1' },
113 silly publish   repository:
113 silly publish    { type: 'git',
113 silly publish      url: 'git://github.com/mauriciogior/node-scaffold.git' },
113 silly publish   keywords: [ 'scaffold', 'express', 'mongoose' ],
113 silly publish   author:
113 silly publish    { name: 'Mauricio Giordano',
113 silly publish      email: 'mauricio.c.giordano@gmail.com',
113 silly publish      url: 'http://mauriciogiordano.com/' },
113 silly publish   licenses:
113 silly publish    [ { url: 'https://github.com/mauriciogior/node-scaffold/blob/master/LICENSE',
113 silly publish        type: 'GPL v2' } ],
113 silly publish   bugs: { url: 'https://github.com/mauriciogior/node-scaffold/issues' },
113 silly publish   homepage: 'https://github.com/mauriciogior/node-scaffold',
113 silly publish   readme: '# Node Scaffold\nQuick scaffolding on several frameworks!\n\n### Installation\n\n```shell\n$ npm install node-scaffold -g\n```\n\n### Description\n\nv0.1\nNow it is only working with Express + MongoDB + Mongoose.\n\nI\'ll add another more options later!\n\nWorking:\n* ✓ ~~Generate models~~\n* ✓ ~~Generate controllers~~\n* ✓ ~~Generate views~~\n* ✓ ~~Generate application~~\n\n## Quick Usage\n\nYou will need to create a file to place your scaffold (shell also in future).\n\nHere is a sample of this file:\n\n**scaffold.json**\n```json\n/* SAMPLE */\n\n{\n\t"models": [\n\t\t{\n\t\t\t"name": "User", // always singular!\n\t\t\t"crud": true,\n\t\t\t"fields": [\n\t\t\t\t{ "name": "name", "type": "String" },\n\t\t\t\t{ "name": "username", "type": "String", "unique": true },\n\t\t\t\t{ "name": "password", "type": "String" },\n\t\t\t\t{ "name": "age", "type": "Number" },\n\t\t\t\t{\n\t\t\t\t\t"name": "devices",\n\t\t\t\t\t"type": "Json",\n\t\t\t\t\t"content": [\n\t\t\t\t\t\t{ "name": "model", "type": "String" },\n\t\t\t\t\t\t{ "name": "color", "type": "Number" }\n\t\t\t\t\t]\n\t\t\t\t}\n\t\t\t]\n\t\t},\n\t\t{\n\t\t\t"name": "Car", // always singular!\n\t\t\t"crud": true,\n\t\t\t"fields": [\n\t\t\t\t{ "name": "name", "type": "String" },\n\t\t\t\t{ "name": "username", "type": "String", "unique": true },\n\t\t\t\t{ "name": "password", "type": "String" },\n\t\t\t\t{ "name": "age", "type": "Number" },\n\t\t\t\t{\n\t\t\t\t\t"name": "devices",\n\t\t\t\t\t"type": "Json",\n\t\t\t\t\t"content": [\n\t\t\t\t\t\t{ "name": "model", "type": "String" },\n\t\t\t\t\t\t{ "name": "color", "type": "Number" }\n\t\t\t\t\t]\n\t\t\t\t}\n\t\t\t]\n\t\t}\n\t]\n}\n\n```\n\nAfter that, you need to create a file where you want to scaffold:\n\n**scaffold.js**\n```javascript\nrequire(\'node-scaffold\').exec();\n```\n\nNow, just execute it!\n```shell\n$ node scaffold.js --file /path/to/scaffold.json\n```\n\nRemeber to install all dependencies!\n\nTo see other usage options (very limited at the moment), just\n```shell\n$ node scaffold.js --help\n```\n\n## TODO List\n* Add relationships between models\n* Accept other http frameworks (besides express)\n* Accept other db engines (besides mongodb)\n* Accept other db frameworks (besides mongoose)\n* Accept other layout engine (besides jade)\n* Allow shell scaffolding',
113 silly publish   readmeFilename: 'README.md',
113 silly publish   _id: 'node-scaffold@0.1.0',
113 silly publish   dist: { shasum: 'f6a56cbede7bb5420a726c0ecad711aec1bda7fd' },
113 silly publish   _from: '.' }
114 verbose url raw node-scaffold
115 verbose url resolving [ 'https://registry.npmjs.org/', './node-scaffold' ]
116 verbose url resolved https://registry.npmjs.org/node-scaffold
117 info trying registry request attempt 1 at 21:57:23
118 http PUT https://registry.npmjs.org/node-scaffold
119 http 403 https://registry.npmjs.org/node-scaffold
120 info trying registry request attempt 1 at 21:57:26
121 http PUT https://registry.npmjs.org/node-scaffold
122 http 403 https://registry.npmjs.org/node-scaffold
123 error publish Failed PUT 403
124 error Error: forbidden cannot modify pre-existing version: 0.1.0
124 error old={"name":"node-scaffold","version":"0.1.0","description":"A library that provides great scaffolding","main":"index.js","scripts":{"test":"echo \"Error: no test specified\" && exit 1"},"repository":{"type":"git","url":"git://github.com/mauriciogior/node-scaffold.git"},"keywords":["scaffold","express","mongoose"],"author":{"name":"Mauricio Giordano","email":"mauricio.c.giordano@gmail.com","url":"http://mauriciogiordano.com/"},"licenses":[{"url":"https://github.com/mauriciogior/node-scaffold/blob/master/LICENSE","type":"GPL v2"}],"bugs":{"url":"https://github.com/mauriciogior/node-scaffold/issues"},"homepage":"https://github.com/mauriciogior/node-scaffold","_id":"node-scaffold@0.1.0","dist":{"shasum":"cc004c02e53e22c86317462d304c6aea7063e889","tarball":"http://registry.npmjs.org/node-scaffold/-/node-scaffold-0.1.0.tgz"},"_from":".","_npmVersion":"1.3.24","_npmUser":{"name":"mauriciogior","email":"mauricio.c.giordano@gmail.com"},"maintainers":[{"name":"mauriciogior","email":"mauricio.c.giordano@gmail.com"}]}
124 error new={"name":"node-scaffold","version":"0.1.0","description":"A library that provides great scaffolding","main":"index.js","scripts":{"test":"echo \"Error: no test specified\" && exit 1"},"repository":{"type":"git","url":"git://github.com/mauriciogior/node-scaffold.git"},"keywords":["scaffold","express","mongoose"],"author":{"name":"Mauricio Giordano","email":"mauricio.c.giordano@gmail.com","url":"http://mauriciogiordano.com/"},"licenses":[{"url":"https://github.com/mauriciogior/node-scaffold/blob/master/LICENSE","type":"GPL v2"}],"bugs":{"url":"https://github.com/mauriciogior/node-scaffold/issues"},"homepage":"https://github.com/mauriciogior/node-scaffold","readme":"# Node Scaffold\u000aQuick scaffolding on several frameworks!\u000a\u000a### Installation\u000a\u000a```shell\u000a$ npm install node-scaffold -g\u000a```\u000a\u000a### Description\u000a\u000av0.1\u000aNow it is only working with Express + MongoDB + Mongoose.\u000a\u000aI'll add another more options later!\u000a\u000aWorking:\u000a* ✓ ~~Generate models~~\u000a* ✓ ~~Generate controllers~~\u000a* ✓ ~~Generate views~~\u000a* ✓ ~~Generate application~~\u000a\u000a## Quick Usage\u000a\u000aYou will need to create a file to place your scaffold (shell also in future).\u000a\u000aHere is a sample of this file:\u000a\u000a**scaffold.json**\u000a```json\u000a/* SAMPLE */\u000a\u000a{\u000a\u0009\"models\": [\u000a\u0009\u0009{\u000a\u0009\u0009\u0009\"name\": \"User\", // always singular!\u000a\u0009\u0009\u0009\"crud\": true,\u000a\u0009\u0009\u0009\"fields\": [\u000a\u0009\u0009\u0009\u0009{ \"name\": \"name\", \"type\": \"String\" },\u000a\u0009\u0009\u0009\u0009{ \"name\": \"username\", \"type\": \"String\", \"unique\": true },\u000a\u0009\u0009\u0009\u0009{ \"name\": \"password\", \"type\": \"String\" },\u000a\u0009\u0009\u0009\u0009{ \"name\": \"age\", \"type\": \"Number\" },\u000a\u0009\u0009\u0009\u0009{\u000a\u0009\u0009\u0009\u0009\u0009\"name\": \"devices\",\u000a\u0009\u0009\u0009\u0009\u0009\"type\": \"Json\",\u000a\u0009\u0009\u0009\u0009\u0009\"content\": [\u000a\u0009\u0009\u0009\u0009\u0009\u0009{ \"name\": \"model\", \"type\": \"String\" },\u000a\u0009\u0009\u0009\u0009\u0009\u0009{ \"name\": \"color\", \"type\": \"Number\" }\u000a\u0009\u0009\u0009\u0009\u0009]\u000a\u0009\u0009\u0009\u0009}\u000a\u0009\u0009\u0009]\u000a\u0009\u0009},\u000a\u0009\u0009{\u000a\u0009\u0009\u0009\"name\": \"Car\", // always singular!\u000a\u0009\u0009\u0009\"crud\": true,\u000a\u0009\u0009\u0009\"fields\": [\u000a\u0009\u0009\u0009\u0009{ \"name\": \"name\", \"type\": \"String\" },\u000a\u0009\u0009\u0009\u0009{ \"name\": \"username\", \"type\": \"String\", \"unique\": true },\u000a\u0009\u0009\u0009\u0009{ \"name\": \"password\", \"type\": \"String\" },\u000a\u0009\u0009\u0009\u0009{ \"name\": \"age\", \"type\": \"Number\" },\u000a\u0009\u0009\u0009\u0009{\u000a\u0009\u0009\u0009\u0009\u0009\"name\": \"devices\",\u000a\u0009\u0009\u0009\u0009\u0009\"type\": \"Json\",\u000a\u0009\u0009\u0009\u0009\u0009\"content\": [\u000a\u0009\u0009\u0009\u0009\u0009\u0009{ \"name\": \"model\", \"type\": \"String\" },\u000a\u0009\u0009\u0009\u0009\u0009\u0009{ \"name\": \"color\", \"type\": \"Number\" }\u000a\u0009\u0009\u0009\u0009\u0009]\u000a\u0009\u0009\u0009\u0009}\u000a\u0009\u0009\u0009]\u000a\u0009\u0009}\u000a\u0009]\u000a}\u000a\u000a```\u000a\u000aAfter that, you need to create a file where you want to scaffold:\u000a\u000a**scaffold.js**\u000a```javascript\u000arequire('node-scaffold').exec();\u000a```\u000a\u000aNow, just execute it!\u000a```shell\u000a$ node scaffold.js --file /path/to/scaffold.json\u000a```\u000a\u000aRemeber to install all dependencies!\u000a\u000aTo see other usage options (very limited at the moment), just\u000a```shell\u000a$ node scaffold.js --help\u000a```\u000a\u000a## TODO List\u000a* Add relationships between models\u000a* Accept other http frameworks (besides express)\u000a* Accept other db engines (besides mongodb)\u000a* Accept other db frameworks (besides mongoose)\u000a* Accept other layout engine (besides jade)\u000a* Allow shell scaffolding","readmeFilename":"README.md","_id":"node-scaffold@0.1.0","dist":{"shasum":"f6a56cbede7bb5420a726c0ecad711aec1bda7fd","tarball":"http://registry.npmjs.org/node-scaffold/-/node-scaffold-0.1.0.tgz"},"_from":".","_npmVersion":"1.3.24","_npmUser":{"name":"mauriciogior","email":"mauricio.c.giordano@gmail.com"},"maintainers":[{"name":"mauriciogior","email":"mauricio.c.giordano@gmail.com"}]}: node-scaffold
124 error     at RegClient.<anonymous> (/usr/local/lib/node_modules/npm/node_modules/npm-registry-client/lib/request.js:275:14)
124 error     at Request.self.callback (/usr/local/lib/node_modules/npm/node_modules/request/request.js:123:22)
124 error     at Request.EventEmitter.emit (events.js:98:17)
124 error     at Request.<anonymous> (/usr/local/lib/node_modules/npm/node_modules/request/request.js:893:14)
124 error     at Request.EventEmitter.emit (events.js:117:20)
124 error     at IncomingMessage.<anonymous> (/usr/local/lib/node_modules/npm/node_modules/request/request.js:844:12)
124 error     at IncomingMessage.EventEmitter.emit (events.js:117:20)
124 error     at _stream_readable.js:920:16
124 error     at process._tickCallback (node.js:415:13)
125 error If you need help, you may report this *entire* log,
125 error including the npm and node versions, at:
125 error     <http://github.com/isaacs/npm/issues>
126 error System Darwin 13.3.0
127 error command "node" "/usr/local/bin/npm" "publish"
128 error cwd /Users/mauricio/Sites/node-scaffold
129 error node -v v0.10.25
130 error npm -v 1.3.24
131 verbose exit [ 1, true ]
